{
  "RSpec": {
    "coverage": {
      "/Users/Ed/Projects/inject-rewrite/lib/inject-rewrite.rb": [
        1,
        null,
        1,
        10,
        10,
        17,
        10,
        null,
        null,
        1,
        10,
        10,
        17,
        10,
        null,
        null,
        1,
        20,
        14,
        null,
        null,
        1,
        20,
        null,
        null,
        1,
        46,
        10,
        null,
        null,
        1,
        36,
        36,
        36,
        26,
        null,
        null,
        null
      ]
    },
    "timestamp": 1424347441
  }
}
